\\mac\home\documents\github\3\c_day09\c_day09\debug\vc140.pdb
\\mac\home\documents\github\3\c_day09\c_day09\debug\vc140.idb
\\mac\home\documents\github\3\c_day09\c_day09\debug\c_day09.obj
\\mac\home\documents\github\3\c_day09\c_day09\debug\main.obj
\\mac\home\documents\github\3\c_day09\c_day09\debug\c_day09.exe.embed.manifest
\\mac\home\documents\github\3\c_day09\c_day09\debug\c_day09.exe.intermediate.manifest
\\mac\home\documents\github\3\c_day09\c_day09\debug\c_day09.exe.embed.manifest.res
\\mac\home\documents\github\3\c_day09\c_day09\debug\vc90.idb
\\mac\home\documents\github\3\c_day09\c_day09\debug\vc90.pdb
\\mac\home\documents\github\3\c_day09\debug\c_day09.pdb
\\mac\home\documents\github\3\c_day09\c_day09\debug\c_day09.tlog\cl.command.1.tlog
\\mac\home\documents\github\3\c_day09\c_day09\debug\c_day09.tlog\cl.read.1.tlog
\\mac\home\documents\github\3\c_day09\c_day09\debug\c_day09.tlog\cl.write.1.tlog
\\mac\home\documents\github\3\c_day09\c_day09\debug\c_day09.tlog\link-cvtres.read.1.tlog
\\mac\home\documents\github\3\c_day09\c_day09\debug\c_day09.tlog\link-cvtres.write.1.tlog
\\mac\home\documents\github\3\c_day09\c_day09\debug\c_day09.tlog\link-rc.read.1.tlog
\\mac\home\documents\github\3\c_day09\c_day09\debug\c_day09.tlog\link-rc.write.1.tlog
\\mac\home\documents\github\3\c_day09\c_day09\debug\c_day09.tlog\link.command.1.tlog
\\mac\home\documents\github\3\c_day09\c_day09\debug\c_day09.tlog\link.read.1.tlog
\\mac\home\documents\github\3\c_day09\c_day09\debug\c_day09.tlog\link.write.1.tlog
